{
  "stats": {
    "suites": 1,
    "tests": 1,
    "passes": 1,
    "pending": 0,
    "failures": 0,
    "start": "2025-01-20T18:08:34.280Z",
    "end": "2025-01-20T18:08:43.659Z",
    "duration": 9379,
    "testsRegistered": 1,
    "passPercent": 100,
    "pendingPercent": 0,
    "other": 0,
    "hasOther": false,
    "skipped": 0,
    "hasSkipped": false
  },
  "results": [
    {
      "uuid": "3ffc8a93-c606-4936-b33c-a88ad32c2832",
      "title": "",
      "fullFile": "cypress\\e2e\\api\\front_test.cy.js",
      "file": "cypress\\e2e\\api\\front_test.cy.js",
      "beforeHooks": [],
      "afterHooks": [],
      "tests": [],
      "suites": [
        {
          "uuid": "e6bafff4-c5a2-4033-84b5-4f46f61e429b",
          "title": "FrontEnd Serverest",
          "fullFile": "",
          "file": "",
          "beforeHooks": [],
          "afterHooks": [],
          "tests": [
            {
              "title": "cadastrar um novo produto",
              "fullTitle": "FrontEnd Serverest cadastrar um novo produto",
              "timedOut": null,
              "duration": 6550,
              "state": "passed",
              "speed": "medium",
              "pass": true,
              "fail": false,
              "pending": false,
              "context": null,
              "code": "// Acessar página de cadastro de produtos\ncy.get('[data-testid=\"cadastrarProdutos\"]').click();\n// Preencher formulário de cadastro de produto\nlet produtoRandom = 'produto' + Math.floor(Math.random() * 1000); // gerar um valor aleatório para o nome do produto\ncy.get('[data-testid=\"nome\"]').type(produtoRandom);\ncy.get('[data-testid=\"preco\"]').type('100');\ncy.get('[data-testid=\"descricao\"]').type('Descrição do Produto Teste ' + produtoRandom);\ncy.get('[data-testid=\"quantity\"]').type('10');\n//Anexar imagem\ncy.get('[data-testid=\"imagem\"]').attachFile('teste.png');\n// Submeter formulário de cadastro de produto\ncy.get('[data-testid=\"cadastarProdutos\"]').click();\n// Validar o cadastro do produto\ncy.contains('Lista dos Produtos').should('be.visible');\ncy.contains(produtoRandom).should('be.visible');",
              "err": {},
              "uuid": "ddb461ad-0e3f-4b50-b378-400ea100de69",
              "parentUUID": "e6bafff4-c5a2-4033-84b5-4f46f61e429b",
              "isHook": false,
              "skipped": false
            }
          ],
          "suites": [],
          "passes": [
            "ddb461ad-0e3f-4b50-b378-400ea100de69"
          ],
          "failures": [],
          "pending": [],
          "skipped": [],
          "duration": 6550,
          "root": false,
          "rootEmpty": false,
          "_timeout": 2000
        }
      ],
      "passes": [],
      "failures": [],
      "pending": [],
      "skipped": [],
      "duration": 0,
      "root": true,
      "rootEmpty": true,
      "_timeout": 2000
    }
  ],
  "meta": {
    "mocha": {
      "version": "7.0.1"
    },
    "mochawesome": {
      "options": {
        "quiet": false,
        "reportFilename": "mochawesome",
        "saveHtml": true,
        "saveJson": true,
        "consoleReporter": "spec",
        "useInlineDiffs": false,
        "code": true
      },
      "version": "7.1.3"
    },
    "marge": {
      "options": {
        "reporterEnabled": "mochawesome",
        "mochawesomeReporterOptions": {
          "reportDir": "cypress/reports/mocha",
          "quiet": true,
          "overwrite": false,
          "html": false,
          "json": true
        }
      },
      "version": "6.2.0"
    }
  }
}